2024-09-18 02:38:29,398 - Open browser  -INFO - Opening Browser ...
2024-09-18 02:38:29,405 - Open browser  -INFO - Open URL = https://subscribe.stctv.com/sa-en
2024-09-18 02:38:43,388 - Open browser  -INFO - Open the Excel file
2024-09-18 02:38:44,296 - Open browser  -INFO - Open the Excel file
2024-09-18 02:38:44,371 - Open browser  -INFO - Open the Excel file
2024-09-18 02:38:44,609 - Check Element is displayed -INFO - landedCountry is Displayed successfully
2024-09-18 02:38:44,729 - Check Element is displayed -INFO - Click on landedCountry
2024-09-18 02:38:45,454 - Check Element is displayed -INFO - selectedCountry is Displayed successfully
2024-09-18 02:38:49,892 - Check Element is displayed -INFO - Click on selectedCountry
2024-09-18 02:38:50,147 - Check Element is displayed -INFO - plan is Displayed successfully
2024-09-18 02:38:50,180 - Check Element is displayed -INFO - Text of plan = LITE
2024-09-18 02:38:50,231 - Check Element is displayed -INFO - plan is Displayed successfully
2024-09-18 02:38:50,250 - Check Element is displayed -INFO - Text of plan = CLASSIC
2024-09-18 02:38:50,280 - Check Element is displayed -INFO - plan is Displayed successfully
2024-09-18 02:38:50,307 - Check Element is displayed -INFO - Text of plan = PREMIUM
2024-09-18 02:38:50,404 - Check Element is displayed -INFO - price is Displayed successfully
2024-09-18 02:38:50,434 - Check Element is displayed -INFO - Text of price = 2
2024-09-18 02:38:50,504 - Check Element is displayed -INFO - price is Displayed successfully
2024-09-18 02:38:50,528 - Check Element is displayed -INFO - Text of price = 3
2024-09-18 02:38:50,584 - Check Element is displayed -INFO - price is Displayed successfully
2024-09-18 02:38:50,614 - Check Element is displayed -INFO - Text of price = 6
2024-09-18 02:38:50,719 - Check Element is displayed -INFO - currency is Displayed successfully
2024-09-18 02:38:50,747 - Check Element is displayed -INFO - Text of currency = BHD/month
2024-09-18 02:38:50,794 - Check Element is displayed -INFO - currency is Displayed successfully
2024-09-18 02:38:50,825 - Check Element is displayed -INFO - Text of currency = BHD/month
2024-09-18 02:38:50,874 - Check Element is displayed -INFO - currency is Displayed successfully
2024-09-18 02:38:50,904 - Check Element is displayed -INFO - Text of currency = BHD/month
2024-09-18 02:38:51,166 - Check Element is displayed -INFO - landedCountry is Displayed successfully
2024-09-18 02:38:51,313 - Check Element is displayed -INFO - Click on landedCountry
2024-09-18 02:38:51,465 - Check Element is displayed -INFO - selectedCountry is Displayed successfully
2024-09-18 02:38:56,248 - Check Element is displayed -INFO - Click on selectedCountry
2024-09-18 02:38:56,327 - Check Element is displayed -INFO - plan is Displayed successfully
2024-09-18 02:38:56,341 - Check Element is displayed -INFO - Text of plan = LITE
2024-09-18 02:38:56,372 - Check Element is displayed -INFO - plan is Displayed successfully
2024-09-18 02:38:56,383 - Check Element is displayed -INFO - Text of plan = CLASSIC
2024-09-18 02:38:56,416 - Check Element is displayed -INFO - plan is Displayed successfully
2024-09-18 02:38:56,431 - Check Element is displayed -INFO - Text of plan = PREMIUM
2024-09-18 02:38:56,494 - Check Element is displayed -INFO - price is Displayed successfully
2024-09-18 02:38:56,514 - Check Element is displayed -INFO - Text of price = 1.2
2024-09-18 02:38:56,558 - Check Element is displayed -INFO - price is Displayed successfully
2024-09-18 02:38:56,573 - Check Element is displayed -INFO - Text of price = 2.5
2024-09-18 02:38:56,607 - Check Element is displayed -INFO - price is Displayed successfully
2024-09-18 02:38:56,623 - Check Element is displayed -INFO - Text of price = 4.8
2024-09-18 02:38:56,688 - Check Element is displayed -INFO - currency is Displayed successfully
2024-09-18 02:38:56,709 - Check Element is displayed -INFO - Text of currency = KWD/month
2024-09-18 02:38:56,744 - Check Element is displayed -INFO - currency is Displayed successfully
2024-09-18 02:38:56,757 - Check Element is displayed -INFO - Text of currency = KWD/month
2024-09-18 02:38:56,788 - Check Element is displayed -INFO - currency is Displayed successfully
2024-09-18 02:38:56,795 - Check Element is displayed -INFO - Text of currency = KWD/month
2024-09-18 02:38:56,883 - Check Element is displayed -INFO - landedCountry is Displayed successfully
2024-09-18 02:38:57,149 - Check Element is displayed -INFO - Click on landedCountry
2024-09-18 02:38:57,313 - Check Element is displayed -INFO - selectedCountry is Displayed successfully
2024-09-18 02:39:01,031 - Check Element is displayed -INFO - Click on selectedCountry
2024-09-18 02:39:01,132 - Check Element is displayed -INFO - plan is Displayed successfully
2024-09-18 02:39:01,181 - Check Element is displayed -INFO - Text of plan = LITE
2024-09-18 02:39:01,238 - Check Element is displayed -INFO - plan is Displayed successfully
2024-09-18 02:39:01,269 - Check Element is displayed -INFO - Text of plan = CLASSIC
2024-09-18 02:39:01,339 - Check Element is displayed -INFO - plan is Displayed successfully
2024-09-18 02:39:01,376 - Check Element is displayed -INFO - Text of plan = PREMIUM
2024-09-18 02:39:01,469 - Check Element is displayed -INFO - price is Displayed successfully
2024-09-18 02:39:01,505 - Check Element is displayed -INFO - Text of price = 15
2024-09-18 02:39:01,565 - Check Element is displayed -INFO - price is Displayed successfully
2024-09-18 02:39:01,591 - Check Element is displayed -INFO - Text of price = 25
2024-09-18 02:39:01,634 - Check Element is displayed -INFO - price is Displayed successfully
2024-09-18 02:39:01,664 - Check Element is displayed -INFO - Text of price = 60
2024-09-18 02:39:01,745 - Check Element is displayed -INFO - currency is Displayed successfully
2024-09-18 02:39:01,774 - Check Element is displayed -INFO - Text of currency = SAR/month
2024-09-18 02:39:01,824 - Check Element is displayed -INFO - currency is Displayed successfully
2024-09-18 02:39:01,854 - Check Element is displayed -INFO - Text of currency = SAR/month
2024-09-18 02:39:01,904 - Check Element is displayed -INFO - currency is Displayed successfully
2024-09-18 02:39:01,933 - Check Element is displayed -INFO - Text of currency = SAR/month
2024-09-18 02:39:02,829 - Close browser  -INFO - Close Browser ...
